{"name":"hexo","hostname":"xuan","pid":4844,"level":20,"msg":"Writing database to C:\\Users\\huangyuan\\Desktop\\hexo/db.json","time":"2019-09-12T04:41:24.773Z","v":0}
{"name":"hexo","hostname":"xuan","pid":4844,"level":20,"msg":"Hexo version: 3.9.0","time":"2019-09-12T04:41:24.802Z","v":0}
{"name":"hexo","hostname":"xuan","pid":4844,"level":20,"msg":"Working directory: ~\\Desktop\\hexo\\","time":"2019-09-12T04:41:24.802Z","v":0}
{"name":"hexo","hostname":"xuan","pid":4844,"level":20,"msg":"Config loaded: ~\\Desktop\\hexo\\_config.yml","time":"2019-09-12T04:41:24.999Z","v":0}
{"name":"hexo","hostname":"xuan","pid":4844,"level":20,"msg":"Plugin loaded: hexo-deployer-git","time":"2019-09-12T04:41:25.120Z","v":0}
{"name":"hexo","hostname":"xuan","pid":4844,"level":20,"msg":"Plugin loaded: hexo-algolia","time":"2019-09-12T04:41:25.158Z","v":0}
{"name":"hexo","hostname":"xuan","pid":4844,"level":20,"msg":"Plugin loaded: hexo-generator-baidu-sitemap","time":"2019-09-12T04:41:25.166Z","v":0}
{"name":"hexo","hostname":"xuan","pid":4844,"level":20,"msg":"Plugin loaded: hexo-generator-archive","time":"2019-09-12T04:41:25.170Z","v":0}
{"name":"hexo","hostname":"xuan","pid":4844,"level":20,"msg":"Plugin loaded: hexo-generator-category","time":"2019-09-12T04:41:25.173Z","v":0}
{"name":"hexo","hostname":"xuan","pid":4844,"level":20,"msg":"Plugin loaded: hexo-generator-feed","time":"2019-09-12T04:41:25.386Z","v":0}
{"name":"hexo","hostname":"xuan","pid":4844,"level":20,"msg":"Plugin loaded: hexo-generator-index","time":"2019-09-12T04:41:25.388Z","v":0}
{"name":"hexo","hostname":"xuan","pid":4844,"level":20,"msg":"Plugin loaded: hexo-generator-searchdb","time":"2019-09-12T04:41:25.397Z","v":0}
{"name":"hexo","hostname":"xuan","pid":4844,"level":20,"msg":"Plugin loaded: hexo-generator-json-content","time":"2019-09-12T04:41:25.672Z","v":0}
{"name":"hexo","hostname":"xuan","pid":4844,"level":20,"msg":"Plugin loaded: hexo-generator-sitemap","time":"2019-09-12T04:41:25.677Z","v":0}
{"name":"hexo","hostname":"xuan","pid":4844,"level":20,"msg":"Plugin loaded: hexo-generator-tag","time":"2019-09-12T04:41:25.679Z","v":0}
{"name":"hexo","hostname":"xuan","pid":4844,"level":20,"msg":"Plugin loaded: hexo-renderer-ejs","time":"2019-09-12T04:41:25.684Z","v":0}
{"name":"hexo","hostname":"xuan","pid":4844,"level":20,"msg":"Plugin loaded: hexo-renderer-marked","time":"2019-09-12T04:41:25.735Z","v":0}
{"name":"hexo","hostname":"xuan","pid":4844,"level":20,"msg":"Plugin loaded: hexo-renderer-stylus","time":"2019-09-12T04:41:25.880Z","v":0}
{"name":"hexo","hostname":"xuan","pid":4844,"level":20,"msg":"Plugin loaded: hexo-server","time":"2019-09-12T04:41:25.989Z","v":0}
{"name":"hexo","hostname":"xuan","pid":4844,"level":20,"msg":"Plugin loaded: hexo-symbols-count-time","time":"2019-09-12T04:41:25.991Z","v":0}
{"name":"hexo","hostname":"xuan","pid":4844,"level":20,"msg":"Plugin loaded: hexo-wordcount","time":"2019-09-12T04:41:25.992Z","v":0}
{"name":"hexo","hostname":"xuan","pid":4844,"level":20,"msg":"Script loaded: themes\\next-reloaded\\scripts\\events\\core.js","time":"2019-09-12T04:41:26.000Z","v":0}
{"name":"hexo","hostname":"xuan","pid":4844,"level":20,"msg":"Script loaded: themes\\next-reloaded\\scripts\\events\\lib\\config.js","time":"2019-09-12T04:41:26.000Z","v":0}
{"name":"hexo","hostname":"xuan","pid":4844,"level":20,"msg":"Script loaded: themes\\next-reloaded\\scripts\\filters\\comment\\changyan.js","time":"2019-09-12T04:41:26.001Z","v":0}
{"name":"hexo","hostname":"xuan","pid":4844,"level":20,"msg":"Script loaded: themes\\next-reloaded\\scripts\\events\\lib\\injects.js","time":"2019-09-12T04:41:26.003Z","v":0}
{"name":"hexo","hostname":"xuan","pid":4844,"level":20,"msg":"Script loaded: themes\\next-reloaded\\scripts\\filters\\comment\\common.js","time":"2019-09-12T04:41:26.003Z","v":0}
{"name":"hexo","hostname":"xuan","pid":4844,"level":20,"msg":"Script loaded: themes\\next-reloaded\\scripts\\events\\lib\\injects-point.js","time":"2019-09-12T04:41:26.003Z","v":0}
{"name":"hexo","hostname":"xuan","pid":4844,"level":20,"msg":"Script loaded: themes\\next-reloaded\\scripts\\filters\\comment\\disqusjs.js","time":"2019-09-12T04:41:26.003Z","v":0}
{"name":"hexo","hostname":"xuan","pid":4844,"level":20,"msg":"Script loaded: themes\\next-reloaded\\scripts\\filters\\comment\\default-config.js","time":"2019-09-12T04:41:26.003Z","v":0}
{"name":"hexo","hostname":"xuan","pid":4844,"level":20,"msg":"Script loaded: themes\\next-reloaded\\scripts\\filters\\comment\\facebook-comments-plugin.js","time":"2019-09-12T04:41:26.003Z","v":0}
{"name":"hexo","hostname":"xuan","pid":4844,"level":20,"msg":"Script loaded: themes\\next-reloaded\\scripts\\filters\\comment\\gitalk.js","time":"2019-09-12T04:41:26.004Z","v":0}
{"name":"hexo","hostname":"xuan","pid":4844,"level":20,"msg":"Script loaded: themes\\next-reloaded\\scripts\\filters\\comment\\disqus.js","time":"2019-09-12T04:41:26.004Z","v":0}
{"name":"hexo","hostname":"xuan","pid":4844,"level":20,"msg":"Script loaded: themes\\next-reloaded\\scripts\\filters\\comment\\livere.js","time":"2019-09-12T04:41:26.004Z","v":0}
{"name":"hexo","hostname":"xuan","pid":4844,"level":20,"msg":"Script loaded: themes\\next-reloaded\\scripts\\filters\\comment\\valine.js","time":"2019-09-12T04:41:26.004Z","v":0}
{"name":"hexo","hostname":"xuan","pid":4844,"level":20,"msg":"Script loaded: themes\\next-reloaded\\scripts\\filters\\comment\\vkontakte.js","time":"2019-09-12T04:41:26.004Z","v":0}
{"name":"hexo","hostname":"xuan","pid":4844,"level":20,"msg":"Script loaded: themes\\next-reloaded\\scripts\\filters\\lazyload.js","time":"2019-09-12T04:41:26.004Z","v":0}
{"name":"hexo","hostname":"xuan","pid":4844,"level":20,"msg":"Script loaded: themes\\next-reloaded\\scripts\\filters\\default-injects.js","time":"2019-09-12T04:41:26.005Z","v":0}
{"name":"hexo","hostname":"xuan","pid":4844,"level":20,"msg":"Script loaded: themes\\next-reloaded\\scripts\\filters\\excerpt.js","time":"2019-09-12T04:41:26.005Z","v":0}
{"name":"hexo","hostname":"xuan","pid":4844,"level":20,"msg":"Script loaded: themes\\next-reloaded\\scripts\\filters\\minify.js","time":"2019-09-12T04:41:26.005Z","v":0}
{"name":"hexo","hostname":"xuan","pid":4844,"level":20,"msg":"Script loaded: themes\\next-reloaded\\scripts\\filters\\exturl.js","time":"2019-09-12T04:41:26.005Z","v":0}
{"name":"hexo","hostname":"xuan","pid":4844,"level":20,"msg":"Script loaded: themes\\next-reloaded\\scripts\\helpers\\engine.js","time":"2019-09-12T04:41:26.005Z","v":0}
{"name":"hexo","hostname":"xuan","pid":4844,"level":20,"msg":"Script loaded: themes\\next-reloaded\\scripts\\helpers\\font.js","time":"2019-09-12T04:41:26.006Z","v":0}
{"name":"hexo","hostname":"xuan","pid":4844,"level":20,"msg":"Script loaded: themes\\next-reloaded\\scripts\\helpers\\next-js.js","time":"2019-09-12T04:41:26.006Z","v":0}
{"name":"hexo","hostname":"xuan","pid":4844,"level":20,"msg":"Script loaded: themes\\next-reloaded\\scripts\\helpers\\next-inject.js","time":"2019-09-12T04:41:26.006Z","v":0}
{"name":"hexo","hostname":"xuan","pid":4844,"level":20,"msg":"Script loaded: themes\\next-reloaded\\scripts\\tags\\button.js","time":"2019-09-12T04:41:26.006Z","v":0}
{"name":"hexo","hostname":"xuan","pid":4844,"level":20,"msg":"Script loaded: themes\\next-reloaded\\scripts\\helpers\\next-url.js","time":"2019-09-12T04:41:26.006Z","v":0}
{"name":"hexo","hostname":"xuan","pid":4844,"level":20,"msg":"Script loaded: themes\\next-reloaded\\scripts\\helpers\\next-vendors.js","time":"2019-09-12T04:41:26.006Z","v":0}
{"name":"hexo","hostname":"xuan","pid":4844,"level":20,"msg":"Script loaded: themes\\next-reloaded\\scripts\\tags\\caniuse.js","time":"2019-09-12T04:41:26.006Z","v":0}
{"name":"hexo","hostname":"xuan","pid":4844,"level":20,"msg":"Script loaded: themes\\next-reloaded\\scripts\\tags\\center-quote.js","time":"2019-09-12T04:41:26.007Z","v":0}
{"name":"hexo","hostname":"xuan","pid":4844,"level":20,"msg":"Script loaded: themes\\next-reloaded\\scripts\\tags\\group-pictures.js","time":"2019-09-12T04:41:26.007Z","v":0}
{"name":"hexo","hostname":"xuan","pid":4844,"level":20,"msg":"Script loaded: themes\\next-reloaded\\scripts\\tags\\full-image.js","time":"2019-09-12T04:41:26.007Z","v":0}
{"name":"hexo","hostname":"xuan","pid":4844,"level":20,"msg":"Script loaded: themes\\next-reloaded\\scripts\\tags\\include-raw.js","time":"2019-09-12T04:41:26.008Z","v":0}
{"name":"hexo","hostname":"xuan","pid":4844,"level":20,"msg":"Script loaded: themes\\next-reloaded\\scripts\\tags\\label.js","time":"2019-09-12T04:41:26.008Z","v":0}
{"name":"hexo","hostname":"xuan","pid":4844,"level":20,"msg":"Script loaded: themes\\next-reloaded\\scripts\\tags\\mermaid.js","time":"2019-09-12T04:41:26.009Z","v":0}
{"name":"hexo","hostname":"xuan","pid":4844,"level":20,"msg":"Script loaded: themes\\next-reloaded\\scripts\\tags\\note.js","time":"2019-09-12T04:41:26.009Z","v":0}
{"name":"hexo","hostname":"xuan","pid":4844,"level":20,"msg":"Script loaded: themes\\next-reloaded\\scripts\\tags\\pdf.js","time":"2019-09-12T04:41:26.009Z","v":0}
{"name":"hexo","hostname":"xuan","pid":4844,"level":20,"msg":"Script loaded: themes\\next-reloaded\\scripts\\tags\\tabs.js","time":"2019-09-12T04:41:26.009Z","v":0}
{"name":"hexo","hostname":"xuan","pid":4844,"level":20,"msg":"Script loaded: themes\\next-reloaded\\scripts\\tags\\video.js","time":"2019-09-12T04:41:26.009Z","v":0}
{"name":"hexo","hostname":"xuan","pid":4844,"level":20,"msg":"Database saved","time":"2019-09-12T04:41:26.013Z","v":0}
